<?xml version="1.0" encoding="UTF-8"?>
<testsuite name="demoqa.TextBoxTest" tests="1" skipped="0" failures="0" errors="0" timestamp="2025-11-19T15:24:39.040Z" hostname="KRAPIVIN" time="2.895">
  <properties/>
  <testcase name="fillFormTest()" classname="demoqa.TextBoxTest" time="2.895"/>
  <system-out><![CDATA[]]></system-out>
  <system-err><![CDATA[[Test worker] INFO io.github.bonigarcia.wdm.WebDriverManager - Using chromedriver 142.0.7444.175 (resolved driver for Chrome 142)
[Test worker] INFO io.github.bonigarcia.wdm.WebDriverManager - Exporting webdriver.chrome.driver as C:\Users\smooz\.cache\selenium\chromedriver\win64\142.0.7444.175\chromedriver.exe
[Test worker] INFO com.codeborne.selenide.WebDriverThreadLocalContainer - No webdriver is bound to current thread: 1 - let's create a new webdriver
[Test worker] INFO com.codeborne.selenide.webdriver.WebDriverFactory - Selenide 7.12.0 / Selenium 4.38.0 / chrome 142.0.7444.164 windows
]]></system-err>
</testsuite>
